0 info it worked if it ends with ok
1 verbose cli [ 'node', '/usr/local/bin/npm', 'install', 'animate-scss' ]
2 info using npm@1.4.28
3 info using node@v0.10.36
4 warn package.json limitless-node@1.0.0 No description
5 warn package.json limitless-node@1.0.0 No repository field.
6 warn package.json limitless-node@1.0.0 No README data
7 verbose readDependencies using package.json deps
8 verbose cache add [ 'animate-scss', null ]
9 verbose cache add name=undefined spec="animate-scss" args=["animate-scss",null]
10 verbose parsed url { protocol: null,
10 verbose parsed url   slashes: null,
10 verbose parsed url   auth: null,
10 verbose parsed url   host: null,
10 verbose parsed url   port: null,
10 verbose parsed url   hostname: null,
10 verbose parsed url   hash: null,
10 verbose parsed url   search: null,
10 verbose parsed url   query: null,
10 verbose parsed url   pathname: 'animate-scss',
10 verbose parsed url   path: 'animate-scss',
10 verbose parsed url   href: 'animate-scss' }
11 silly lockFile 5acd91b8-animate-scss animate-scss
12 verbose lock animate-scss /Users/leo/.npm/5acd91b8-animate-scss.lock
13 silly lockFile 5acd91b8-animate-scss animate-scss
14 silly lockFile 5acd91b8-animate-scss animate-scss
15 verbose addNamed [ 'animate-scss', '' ]
16 verbose addNamed [ null, '*' ]
17 silly lockFile 5a088dc7-animate-scss animate-scss@
18 verbose lock animate-scss@ /Users/leo/.npm/5a088dc7-animate-scss.lock
19 silly addNameRange { name: 'animate-scss', range: '*', hasData: false }
20 verbose request where is /animate-scss
21 verbose request registry https://registry.npmjs.org/
22 verbose request id 5b5a236c7410790b
23 verbose url raw /animate-scss
24 verbose url resolving [ 'https://registry.npmjs.org/', './animate-scss' ]
25 verbose url resolved https://registry.npmjs.org/animate-scss
26 verbose request where is https://registry.npmjs.org/animate-scss
27 info trying registry request attempt 1 at 18:46:00
28 http GET https://registry.npmjs.org/animate-scss
29 http 404 https://registry.npmjs.org/animate-scss
30 verbose headers { server: 'CouchDB/1.5.0 (Erlang OTP/R16B03)',
30 verbose headers   'content-type': 'application/json',
30 verbose headers   'cache-control': 'max-age=0',
30 verbose headers   'content-length': '51',
30 verbose headers   'accept-ranges': 'bytes',
30 verbose headers   date: 'Thu, 25 Jun 2015 17:46:00 GMT',
30 verbose headers   via: '1.1 varnish',
30 verbose headers   age: '0',
30 verbose headers   connection: 'keep-alive',
30 verbose headers   'x-served-by': 'cache-lhr6320-LHR',
30 verbose headers   'x-cache': 'MISS',
30 verbose headers   'x-cache-hits': '0',
30 verbose headers   'x-timer': 'S1435254360.528937,VS0,VE91' }
31 silly registry.get cb [ 404,
31 silly registry.get   { server: 'CouchDB/1.5.0 (Erlang OTP/R16B03)',
31 silly registry.get     'content-type': 'application/json',
31 silly registry.get     'cache-control': 'max-age=0',
31 silly registry.get     'content-length': '51',
31 silly registry.get     'accept-ranges': 'bytes',
31 silly registry.get     date: 'Thu, 25 Jun 2015 17:46:00 GMT',
31 silly registry.get     via: '1.1 varnish',
31 silly registry.get     age: '0',
31 silly registry.get     connection: 'keep-alive',
31 silly registry.get     'x-served-by': 'cache-lhr6320-LHR',
31 silly registry.get     'x-cache': 'MISS',
31 silly registry.get     'x-cache-hits': '0',
31 silly registry.get     'x-timer': 'S1435254360.528937,VS0,VE91' } ]
32 silly lockFile 5a088dc7-animate-scss animate-scss@
33 silly lockFile 5a088dc7-animate-scss animate-scss@
34 error 404 404 Not Found: animate-scss
34 error 404
34 error 404 'animate-scss' is not in the npm registry.
34 error 404 You should bug the author to publish it
34 error 404 It was specified as a dependency of 'limitless-node'
34 error 404
34 error 404 Note that you can also install from a
34 error 404 tarball, folder, or http url, or git url.
35 error System Darwin 14.3.0
36 error command "node" "/usr/local/bin/npm" "install" "animate-scss"
37 error cwd /Users/leo/rails_projects/limitless-node
38 error node -v v0.10.36
39 error npm -v 1.4.28
40 error code E404
41 verbose exit [ 1, true ]
